<?xml version="1.0" encoding="utf-8"?><testsuites name="pytest tests"><testsuite name="pytest" errors="0" failures="0" skipped="1" tests="59" time="98.441" timestamp="2026-07-28T09:30:18.353940+00:00" hostname="agent-env-99fb1342-70ff-4f62-8409-b4bbbe76170e"><testcase classname="tests.backend_test.TestRBAC" name="test_team_forbidden[/inbox-get-None]" time="0.997" /><testcase classname="tests.backend_test.TestAttachments" name="test_upload_response_shape" time="0.996" /><testcase classname="tests.backend_test.TestAttachments" name="test_job_shows_attachment" time="0.095" /><testcase classname="tests.backend_test.TestRBAC" name="test_team_forbidden[/reports/insights-post-payload1]" time="0.148" /><testcase classname="tests.backend_test.TestAttachments" name="test_download_via_query_token" time="0.396" /><testcase classname="tests.backend_test.TestRBAC" name="test_team_forbidden[/kpi/team-review-post-payload2]" time="0.303" /><testcase classname="tests.backend_test.TestRBAC" name="test_team_forbidden[/inbox/parse-brief-post-payload3]" time="0.097" /><testcase classname="tests.backend_test.TestAttachments" name="test_download_via_header" time="0.290" /><testcase classname="tests.backend_test.TestRBAC" name="test_team_jobs_filtered" time="0.193" /><testcase classname="tests.backend_test.TestClientCRUD" name="test_team_forbidden" time="0.291" /><testcase classname="tests.backend_test.TestAttachments" name="test_download_missing_auth" time="0.144" /><testcase classname="tests.backend_test.TestAttachments" name="test_unsupported_mime_415" time="0.097" /><testcase classname="tests.backend_test.TestAttachments" name="test_oversize_413" time="0.811" /><testcase classname="tests.backend_test.TestClientCRUD" name="test_team_can_list_clients" time="0.099" /><testcase classname="tests.backend_test.TestClientCRUD" name="test_delete_client_with_active_jobs_blocked" time="0.411" /><testcase classname="tests.backend_test.TestClientCRUD" name="test_full_client_lifecycle" time="0.977" /><testcase classname="tests.backend_test.TestAttachments" name="test_team_can_upload_on_assigned_job" time="1.144" /><testcase classname="tests.backend_test.TestClientCRUD" name="test_create_client_autogenerates_id" time="0.358" /><testcase classname="tests.backend_test.TestUserCRUD" name="test_team_forbidden_on_user_mutations" time="0.376" /><testcase classname="tests.backend_test.TestAttachments" name="test_team_cannot_upload_on_unassigned_job" time="0.090" /><testcase classname="tests.backend_test.TestAttachments" name="test_delete_by_manager" time="0.238" /><testcase classname="tests.backend_test.TestUserCRUD" name="test_create_user_unique_email_and_password_min" time="1.384" /><testcase classname="tests.backend_test.TestApprovalsSharp" name="test_add_comment_as_manager" time="0.095" /><testcase classname="tests.backend_test.TestApprovalsSharp" name="test_add_comment_as_team" time="0.273" /><testcase classname="tests.backend_test.TestApprovalsSharp" name="test_reminder_manager_only" time="0.510" /><testcase classname="tests.backend_test.TestApprovalsSharp" name="test_reminder_404" time="0.353" /><testcase classname="tests.backend_test.TestAuth" name="test_login_success" time="0.323" /><testcase classname="tests.backend_test.TestUserCRUD" name="test_self_delete_blocked" time="0.318" /><testcase classname="tests.backend_test.TestAuth" name="test_login_wrong_password" time="0.337" /><testcase classname="tests.backend_test.TestUserCRUD" name="test_last_admin_delete_blocked" time="0.000"><skipped type="pytest.skip" message="Skipping destructive last-admin test to preserve manager account">/app/backend/tests/backend_test.py:504: Skipping destructive last-admin test to preserve manager account</skipped></testcase><testcase classname="tests.backend_test.TestUserCRUD" name="test_delete_user_with_active_jobs_blocked" time="0.240" /><testcase classname="tests.backend_test.TestAuth" name="test_me" time="0.095" /><testcase classname="tests.backend_test.TestJobs" name="test_get_single" time="0.119" /><testcase classname="tests.backend_test.TestInvoiceRemoved" name="test_get_invoices_404" time="0.094" /><testcase classname="tests.backend_test.TestJobs" name="test_patch_job" time="0.193" /><testcase classname="tests.backend_test.TestInvoiceRemoved" name="test_post_invoices_404" time="0.094" /><testcase classname="tests.backend_test.TestInvoiceRemoved" name="test_post_invoice_paid_404" time="0.091" /><testcase classname="tests.backend_test.TestJobs" name="test_add_comment" time="0.110" /><testcase classname="tests.backend_test.TestAI" name="test_parse_brief" time="41.929" /><testcase classname="tests.backend_test.TestOthers" name="test_content_create" time="0.097" /><testcase classname="tests.backend_test.TestOthers" name="test_timelog_create" time="0.099" /><testcase classname="tests.backend_test.TestOthers" name="test_approval_decide" time="0.101" /><testcase classname="tests.backend_test.TestPromptStudio" name="test_team_forbidden_prompts" time="0.098" /><testcase classname="tests.backend_test.TestPromptStudio" name="test_get_prompts" time="0.093" /><testcase classname="tests.backend_test.TestPromptStudio" name="test_patch_prompts" time="0.406" /><testcase classname="tests.backend_test.TestTailoredAI" name="test_draft_reply_e1" time="14.027" /><testcase classname="tests.backend_test.TestTailoredAI" name="test_parse_brief_e1_tone" time="36.563" /><testcase classname="tests.backend_test.TestAI" name="test_assistant" time="5.061" /><testcase classname="tests.backend_test.TestAI" name="test_reports_insights_shape" time="15.586" /><testcase classname="tests.backend_test.TestTailoredAI" name="test_parse_brief_e5_tone" time="28.260" /><testcase classname="tests.backend_test.TestJobTemplates" name="test_team_forbidden_template_mutations" time="0.126" /><testcase classname="tests.backend_test.TestJobTemplates" name="test_template_crud_and_from_template" time="0.769" /><testcase classname="tests.backend_test.TestSeed" name="test_seed_counts" time="0.863" /><testcase classname="tests.backend_test.TestNotifications" name="test_list_and_mark_all" time="0.193" /><testcase classname="tests.backend_test.TestSOPSeedExpansion" name="test_sops_count_and_titles" time="0.100" /><testcase classname="tests.backend_test.TestDynamicPrompt" name="test_pineapple_rule_propagates" time="6.037" /><testcase classname="tests.backend_test.TestBoardDragPatch" name="test_patch_status" time="0.399" /><testcase classname="tests.backend_test.TestRetainerRemoved" name="test_clients_have_no_retainer" time="0.165" /><testcase classname="tests.backend_test.TestRetainerRemoved" name="test_ai_assistant_no_rupee_fabrication" time="11.404" /></testsuite></testsuites>