<?xml version="1.0" encoding="utf-8"?><testsuites name="pytest tests"><testsuite name="pytest" errors="0" failures="0" skipped="1" tests="72" time="130.873" timestamp="2026-07-28T10:12:44.526908+00:00" hostname="agent-env-99fb1342-70ff-4f62-8409-b4bbbe76170e"><testcase classname="tests.backend_test.TestPublicPortal" name="test_backfill_token_stable" time="1.249" /><testcase classname="tests.backend_test.TestAttachments" name="test_upload_response_shape" time="1.247" /><testcase classname="tests.backend_test.TestAttachments" name="test_job_shows_attachment" time="0.096" /><testcase classname="tests.backend_test.TestAttachments" name="test_download_via_query_token" time="0.374" /><testcase classname="tests.backend_test.TestPublicPortal" name="test_public_get_ok" time="0.428" /><testcase classname="tests.backend_test.TestPublicPortal" name="test_public_get_invalid_token_404" time="0.092" /><testcase classname="tests.backend_test.TestAttachments" name="test_download_via_header" time="0.401" /><testcase classname="tests.backend_test.TestAttachments" name="test_download_missing_auth" time="0.143" /><testcase classname="tests.backend_test.TestPublicPortal" name="test_public_comment_flow" time="0.689" /><testcase classname="tests.backend_test.TestAttachments" name="test_unsupported_mime_415" time="0.108" /><testcase classname="tests.backend_test.TestAttachments" name="test_oversize_413" time="1.030" /><testcase classname="tests.backend_test.TestPublicPortal" name="test_public_decide_revise_creates_notification_and_comment" time="0.597" /><testcase classname="tests.backend_test.TestPublicPortal" name="test_public_decide_invalid_action_400" time="0.222" /><testcase classname="tests.backend_test.TestPublicPortal" name="test_public_attachment_download_no_auth" time="17.053" /><testcase classname="tests.backend_test.TestAttachments" name="test_team_can_upload_on_assigned_job" time="17.346" /><testcase classname="tests.backend_test.TestRBAC" name="test_team_forbidden[/inbox-get-None]" time="0.410" /><testcase classname="tests.backend_test.TestRBAC" name="test_team_forbidden[/reports/insights-post-payload1]" time="0.132" /><testcase classname="tests.backend_test.TestAttachments" name="test_team_cannot_upload_on_unassigned_job" time="0.102" /><testcase classname="tests.backend_test.TestAttachments" name="test_delete_by_manager" time="0.213" /><testcase classname="tests.backend_test.TestRBAC" name="test_team_forbidden[/kpi/team-review-post-payload2]" time="0.142" /><testcase classname="tests.backend_test.TestRBAC" name="test_team_forbidden[/inbox/parse-brief-post-payload3]" time="0.102" /><testcase classname="tests.backend_test.TestClientCRUD" name="test_team_forbidden" time="0.297" /><testcase classname="tests.backend_test.TestRBAC" name="test_team_jobs_filtered" time="0.101" /><testcase classname="tests.backend_test.TestUserCRUD" name="test_team_forbidden_on_user_mutations" time="0.404" /><testcase classname="tests.backend_test.TestClientCRUD" name="test_team_can_list_clients" time="0.092" /><testcase classname="tests.backend_test.TestClientCRUD" name="test_delete_client_with_active_jobs_blocked" time="0.095" /><testcase classname="tests.backend_test.TestClientCRUD" name="test_full_client_lifecycle" time="0.788" /><testcase classname="tests.backend_test.TestUserCRUD" name="test_create_user_unique_email_and_password_min" time="1.411" /><testcase classname="tests.backend_test.TestClientCRUD" name="test_create_client_autogenerates_id" time="0.588" /><testcase classname="tests.backend_test.TestApprovalsSharp" name="test_add_comment_as_manager" time="0.133" /><testcase classname="tests.backend_test.TestUserCRUD" name="test_self_delete_blocked" time="0.227" /><testcase classname="tests.backend_test.TestApprovalsSharp" name="test_add_comment_as_team" time="0.448" /><testcase classname="tests.backend_test.TestUserCRUD" name="test_last_admin_delete_blocked" time="0.000"><skipped type="pytest.skip" message="Skipping destructive last-admin test to preserve manager account">/app/backend/tests/backend_test.py:504: Skipping destructive last-admin test to preserve manager account</skipped></testcase><testcase classname="tests.backend_test.TestUserCRUD" name="test_delete_user_with_active_jobs_blocked" time="0.096" /><testcase classname="tests.backend_test.TestGlobalSearch" name="test_search_requires_auth" time="0.095" /><testcase classname="tests.backend_test.TestGlobalSearch" name="test_search_manager_finds_cinema" time="0.095" /><testcase classname="tests.backend_test.TestApprovalsSharp" name="test_reminder_manager_only" time="0.315" /><testcase classname="tests.backend_test.TestGlobalSearch" name="test_search_short_query_returns_empty" time="0.113" /><testcase classname="tests.backend_test.TestGlobalSearch" name="test_search_role_scoped_for_team" time="0.308" /><testcase classname="tests.backend_test.TestApprovalsSharp" name="test_reminder_404" time="0.096" /><testcase classname="tests.backend_test.TestAuth" name="test_login_success" time="0.328" /><testcase classname="tests.backend_test.TestInvoiceRemoved" name="test_get_invoices_404" time="0.257" /><testcase classname="tests.backend_test.TestInvoiceRemoved" name="test_post_invoices_404" time="0.092" /><testcase classname="tests.backend_test.TestAuth" name="test_login_wrong_password" time="0.333" /><testcase classname="tests.backend_test.TestInvoiceRemoved" name="test_post_invoice_paid_404" time="0.267" /><testcase classname="tests.backend_test.TestAuth" name="test_me" time="0.109" /><testcase classname="tests.backend_test.TestJobs" name="test_get_single" time="0.118" /><testcase classname="tests.backend_test.TestOthers" name="test_content_create" time="0.090" /><testcase classname="tests.backend_test.TestJobs" name="test_patch_job" time="0.204" /><testcase classname="tests.backend_test.TestOthers" name="test_timelog_create" time="0.106" /><testcase classname="tests.backend_test.TestOthers" name="test_approval_decide" time="0.097" /><testcase classname="tests.backend_test.TestJobs" name="test_add_comment" time="0.091" /><testcase classname="tests.backend_test.TestPromptStudio" name="test_team_forbidden_prompts" time="0.097" /><testcase classname="tests.backend_test.TestAI" name="test_parse_brief" time="29.457" /><testcase classname="tests.backend_test.TestPromptStudio" name="test_get_prompts" time="0.132" /><testcase classname="tests.backend_test.TestPromptStudio" name="test_patch_prompts" time="0.408" /><testcase classname="tests.backend_test.TestTailoredAI" name="test_draft_reply_e1" time="6.165" /><testcase classname="tests.backend_test.TestTailoredAI" name="test_parse_brief_e1_tone" time="66.308" /><testcase classname="tests.backend_test.TestAI" name="test_assistant" time="37.299" /><testcase classname="tests.backend_test.TestAI" name="test_reports_insights_shape" time="8.376" /><testcase classname="tests.backend_test.TestTailoredAI" name="test_parse_brief_e5_tone" time="28.846" /><testcase classname="tests.backend_test.TestJobTemplates" name="test_team_forbidden_template_mutations" time="0.120" /><testcase classname="tests.backend_test.TestJobTemplates" name="test_template_crud_and_from_template" time="0.854" /><testcase classname="tests.backend_test.TestMentions" name="test_mention_creates_notification" time="0.759" /><testcase classname="tests.backend_test.TestMentions" name="test_self_mention_no_notification" time="0.406" /><testcase classname="tests.backend_test.TestSeed" name="test_seed_counts" time="0.895" /><testcase classname="tests.backend_test.TestNotifications" name="test_list_and_mark_all" time="0.240" /><testcase classname="tests.backend_test.TestSOPSeedExpansion" name="test_sops_count_and_titles" time="0.111" /><testcase classname="tests.backend_test.TestDynamicPrompt" name="test_pineapple_rule_propagates" time="2.348" /><testcase classname="tests.backend_test.TestBoardDragPatch" name="test_patch_status" time="0.451" /><testcase classname="tests.backend_test.TestRetainerRemoved" name="test_clients_have_no_retainer" time="0.155" /><testcase classname="tests.backend_test.TestRetainerRemoved" name="test_ai_assistant_no_rupee_fabrication" time="3.104" /></testsuite></testsuites>